生成启动时间为 2020/9/15 10:50:11。
     1>项目“C:\Users\Administrator.PC-201810141417\Desktop\DocFastSearchTool\DocFastSearchTool\DocFastSearchTool.vcxproj”在节点 2 上(Build 个目标)。
     1>ClCompile:
         D:\360Downloads\VC\bin\CL.exe /c /ZI /nologo /W3 /WX- /Od /Oy- /D WIN32 /D _DEBUG /D _CONSOLE /D _LIB /D _UNICODE /D UNICODE /Gm /EHsc /RTC1 /MDd /GS /fp:precise /Zc:wchar_t /Zc:forScope /Fo"Debug\\" /Fd"Debug\vc120.pdb" /Gd /TP /analyze- /errorReport:prompt DataManager.cpp DocFastSearchTool.cpp ScanManager.cpp Sysutil.cpp
         Sysutil.cpp
     1>c:\users\administrator.pc-201810141417\desktop\docfastsearchtool\docfastsearchtool\sysutil.h(58): warning C4996: 'strerror': This function or variable may be unsafe. Consider using strerror_s instead. To disable deprecation, use _CRT_SECURE_NO_WARNINGS. See online help for details.
                 d:\360downloads\vc\include\string.h(168) : 参见“strerror”的声明
     1>c:\users\administrator.pc-201810141417\desktop\docfastsearchtool\docfastsearchtool\sysutil.cpp(47): warning C4996: 'sprintf': This function or variable may be unsafe. Consider using sprintf_s instead. To disable deprecation, use _CRT_SECURE_NO_WARNINGS. See online help for details.
                 d:\360downloads\vc\include\stdio.h(356) : 参见“sprintf”的声明
     1>c:\users\administrator.pc-201810141417\desktop\docfastsearchtool\docfastsearchtool\sysutil.cpp(52): warning C4996: 'sprintf': This function or variable may be unsafe. Consider using sprintf_s instead. To disable deprecation, use _CRT_SECURE_NO_WARNINGS. See online help for details.
                 d:\360downloads\vc\include\stdio.h(356) : 参见“sprintf”的声明
     1>c:\users\administrator.pc-201810141417\desktop\docfastsearchtool\docfastsearchtool\sysutil.cpp(301): warning C4018: “<”: 有符号/无符号不匹配
         ScanManager.cpp
     1>c:\users\administrator.pc-201810141417\desktop\docfastsearchtool\docfastsearchtool\sysutil.h(58): warning C4996: 'strerror': This function or variable may be unsafe. Consider using strerror_s instead. To disable deprecation, use _CRT_SECURE_NO_WARNINGS. See online help for details.
                 d:\360downloads\vc\include\string.h(168) : 参见“strerror”的声明
         DataManager.cpp
     1>c:\users\administrator.pc-201810141417\desktop\docfastsearchtool\docfastsearchtool\sysutil.h(58): warning C4996: 'strerror': This function or variable may be unsafe. Consider using strerror_s instead. To disable deprecation, use _CRT_SECURE_NO_WARNINGS. See online help for details.
                 d:\360downloads\vc\include\string.h(168) : 参见“strerror”的声明
     1>c:\users\administrator.pc-201810141417\desktop\docfastsearchtool\docfastsearchtool\datamanager.cpp(106): warning C4996: 'sprintf': This function or variable may be unsafe. Consider using sprintf_s instead. To disable deprecation, use _CRT_SECURE_NO_WARNINGS. See online help for details.
                 d:\360downloads\vc\include\stdio.h(356) : 参见“sprintf”的声明
     1>c:\users\administrator.pc-201810141417\desktop\docfastsearchtool\docfastsearchtool\datamanager.cpp(118): warning C4996: 'sprintf': This function or variable may be unsafe. Consider using sprintf_s instead. To disable deprecation, use _CRT_SECURE_NO_WARNINGS. See online help for details.
                 d:\360downloads\vc\include\stdio.h(356) : 参见“sprintf”的声明
     1>c:\users\administrator.pc-201810141417\desktop\docfastsearchtool\docfastsearchtool\datamanager.cpp(142): warning C4996: 'sprintf': This function or variable may be unsafe. Consider using sprintf_s instead. To disable deprecation, use _CRT_SECURE_NO_WARNINGS. See online help for details.
                 d:\360downloads\vc\include\stdio.h(356) : 参见“sprintf”的声明
     1>c:\users\administrator.pc-201810141417\desktop\docfastsearchtool\docfastsearchtool\datamanager.cpp(150): warning C4996: 'sprintf': This function or variable may be unsafe. Consider using sprintf_s instead. To disable deprecation, use _CRT_SECURE_NO_WARNINGS. See online help for details.
                 d:\360downloads\vc\include\stdio.h(356) : 参见“sprintf”的声明
     1>c:\users\administrator.pc-201810141417\desktop\docfastsearchtool\docfastsearchtool\datamanager.cpp(154): warning C4996: 'sprintf': This function or variable may be unsafe. Consider using sprintf_s instead. To disable deprecation, use _CRT_SECURE_NO_WARNINGS. See online help for details.
                 d:\360downloads\vc\include\stdio.h(356) : 参见“sprintf”的声明
     1>c:\users\administrator.pc-201810141417\desktop\docfastsearchtool\docfastsearchtool\datamanager.cpp(161): warning C4996: 'sprintf': This function or variable may be unsafe. Consider using sprintf_s instead. To disable deprecation, use _CRT_SECURE_NO_WARNINGS. See online help for details.
                 d:\360downloads\vc\include\stdio.h(356) : 参见“sprintf”的声明
     1>c:\users\administrator.pc-201810141417\desktop\docfastsearchtool\docfastsearchtool\datamanager.cpp(183): warning C4996: 'sprintf': This function or variable may be unsafe. Consider using sprintf_s instead. To disable deprecation, use _CRT_SECURE_NO_WARNINGS. See online help for details.
                 d:\360downloads\vc\include\stdio.h(356) : 参见“sprintf”的声明
         正在生成代码...
         正在编译...
         DocFastSearchTool.cpp
     1>c:\users\administrator.pc-201810141417\desktop\docfastsearchtool\docfastsearchtool\sysutil.h(58): warning C4996: 'strerror': This function or variable may be unsafe. Consider using strerror_s instead. To disable deprecation, use _CRT_SECURE_NO_WARNINGS. See online help for details.
                 d:\360downloads\vc\include\string.h(168) : 参见“strerror”的声明
         正在生成代码...
       Link:
         D:\360Downloads\VC\bin\link.exe /ERRORREPORT:PROMPT /OUT:"C:\Users\Administrator.PC-201810141417\Desktop\DocFastSearchTool\Debug\DocFastSearchTool.exe" /INCREMENTAL /NOLOGO kernel32.lib user32.lib gdi32.lib winspool.lib comdlg32.lib advapi32.lib shell32.lib ole32.lib oleaut32.lib uuid.lib odbc32.lib odbccp32.lib /MANIFEST /MANIFESTUAC:"level='asInvoker' uiAccess='false'" /manifest:embed /DEBUG /PDB:"C:\Users\Administrator.PC-201810141417\Desktop\DocFastSearchTool\Debug\DocFastSearchTool.pdb" /SUBSYSTEM:CONSOLE /TLBID:1 /DYNAMICBASE /NXCOMPAT /IMPLIB:"C:\Users\Administrator.PC-201810141417\Desktop\DocFastSearchTool\Debug\DocFastSearchTool.lib" /MACHINE:X86 Debug\DataManager.obj
         Debug\DocFastSearchTool.obj
         Debug\ScanManager.obj
         Debug\Sysutil.obj
         DocFastSearchTool.vcxproj -> C:\Users\Administrator.PC-201810141417\Desktop\DocFastSearchTool\Debug\DocFastSearchTool.exe
     1>已完成生成项目“C:\Users\Administrator.PC-201810141417\Desktop\DocFastSearchTool\DocFastSearchTool\DocFastSearchTool.vcxproj”(Build 个目标)的操作。

生成成功。

已用时间 00:00:07.32
